CRITICAL - 2026-03-06 04:03:04 --> TypeError: App\Controllers\Halo::index(): Return value must be of type string, none returned
[Method: GET, Route: halo]
in APPPATH\Controllers\Halo.php on line 12.
 1 SYSTEMPATH\CodeIgniter.php(951): App\Controllers\Halo->index()
 2 SYSTEMPATH\CodeIgniter.php(497): CodeIgniter\CodeIgniter->runController(Object(App\Controllers\Halo))
 3 SYSTEMPATH\CodeIgniter.php(340): CodeIgniter\CodeIgniter->handleRequest(null, Object(Config\Cache), false)
 4 SYSTEMPATH\Boot.php(417): CodeIgniter\CodeIgniter->run()
 5 SYSTEMPATH\Boot.php(68): CodeIgniter\Boot::runCodeIgniter(Object(CodeIgniter\CodeIgniter))
 6 FCPATH\index.php(59): CodeIgniter\Boot::bootWeb(Object(Config\Paths))
 7 SYSTEMPATH\rewrite.php(44): require_once('C:\\xampp\\htdocs\\XIRPL2_NAD_CI\\public\\index.php')
CRITICAL - 2026-03-06 04:03:19 --> TypeError: App\Controllers\Halo::index(): Return value must be of type string, none returned
[Method: GET, Route: halo]
in APPPATH\Controllers\Halo.php on line 12.
 1 SYSTEMPATH\CodeIgniter.php(951): App\Controllers\Halo->index()
 2 SYSTEMPATH\CodeIgniter.php(497): CodeIgniter\CodeIgniter->runController(Object(App\Controllers\Halo))
 3 SYSTEMPATH\CodeIgniter.php(340): CodeIgniter\CodeIgniter->handleRequest(null, Object(Config\Cache), false)
 4 SYSTEMPATH\Boot.php(417): CodeIgniter\CodeIgniter->run()
 5 SYSTEMPATH\Boot.php(68): CodeIgniter\Boot::runCodeIgniter(Object(CodeIgniter\CodeIgniter))
 6 FCPATH\index.php(59): CodeIgniter\Boot::bootWeb(Object(Config\Paths))
 7 SYSTEMPATH\rewrite.php(44): require_once('C:\\xampp\\htdocs\\XIRPL2_NAD_CI\\public\\index.php')
CRITICAL - 2026-03-06 04:06:48 --> TypeError: App\Controllers\Halo::index(): Return value must be of type string, none returned
[Method: GET, Route: halo]
in APPPATH\Controllers\Halo.php on line 12.
 1 SYSTEMPATH\CodeIgniter.php(951): App\Controllers\Halo->index()
 2 SYSTEMPATH\CodeIgniter.php(497): CodeIgniter\CodeIgniter->runController(Object(App\Controllers\Halo))
 3 SYSTEMPATH\CodeIgniter.php(340): CodeIgniter\CodeIgniter->handleRequest(null, Object(Config\Cache), false)
 4 SYSTEMPATH\Boot.php(417): CodeIgniter\CodeIgniter->run()
 5 SYSTEMPATH\Boot.php(68): CodeIgniter\Boot::runCodeIgniter(Object(CodeIgniter\CodeIgniter))
 6 FCPATH\index.php(59): CodeIgniter\Boot::bootWeb(Object(Config\Paths))
 7 SYSTEMPATH\rewrite.php(44): require_once('C:\\xampp\\htdocs\\XIRPL2_NAD_CI\\public\\index.php')
